   1              		.cpu arm7tdmi
   2              		.fpu softvfp
   3              		.eabi_attribute 20, 1
   4              		.eabi_attribute 21, 1
   5              		.eabi_attribute 23, 3
   6              		.eabi_attribute 24, 1
   7              		.eabi_attribute 25, 1
   8              		.eabi_attribute 26, 1
   9              		.eabi_attribute 30, 6
  10              		.eabi_attribute 18, 4
  11              		.file	"uart.c"
  21              	.Ltext0:
  22              		.file 1 "../src/uart.c"
 1682              		.align	2
 1683              		.global	uart0_init
 1685              	uart0_init:
 1686              	.LFB0:
   1:../src/uart.c **** #include <s3c44b0x.h>
   2:../src/uart.c **** 
   3:../src/uart.c **** #include <uart.h>
   4:../src/uart.c **** 
   5:../src/uart.c **** void uart0_init( void )
   6:../src/uart.c **** {
 1687              		.loc 1 6 0
 1688              		.cfi_startproc
 1689              		@ Function supports interworking.
 1690              		@ args = 0, pretend = 0, frame = 0
 1691              		@ frame_needed = 1, uses_anonymous_args = 0
 1692 0000 0DC0A0E1 		mov	ip, sp
 1693              	.LCFI0:
 1694              		.cfi_def_cfa_register 12
 1695 0004 00D82DE9 		stmfd	sp!, {fp, ip, lr, pc}
 1696 0008 04B04CE2 		sub	fp, ip, #4
 1697              		.cfi_offset 14, -8
 1698              		.cfi_offset 13, -12
 1699              		.cfi_offset 11, -16
 1700              	.LCFI1:
 1701              		.cfi_def_cfa 11, 4
   7:../src/uart.c **** UFCON0 = 0x1;
 1702              		.loc 1 7 0
 1703 000c 40309FE5 		ldr	r3, .L2
 1704 0010 0120A0E3 		mov	r2, #1
 1705 0014 002083E5 		str	r2, [r3, #0]
   8:../src/uart.c **** UMCON0 = 0x0;
 1706              		.loc 1 8 0
 1707 0018 38309FE5 		ldr	r3, .L2+4
 1708 001c 0020A0E3 		mov	r2, #0
 1709 0020 002083E5 		str	r2, [r3, #0]
   9:../src/uart.c **** ULCON0 =  0x3;
 1710              		.loc 1 9 0
 1711 0024 1D36A0E3 		mov	r3, #30408704
 1712 0028 0320A0E3 		mov	r2, #3
 1713 002c 002083E5 		str	r2, [r3, #0]
  10:../src/uart.c **** UBRDIV0 = 0x22;
 1714              		.loc 1 10 0
 1715 0030 24309FE5 		ldr	r3, .L2+8
 1716 0034 2220A0E3 		mov	r2, #34
 1717 0038 002083E5 		str	r2, [r3, #0]
  11:../src/uart.c **** UCON0 = 0x5;
 1718              		.loc 1 11 0
 1719 003c 1C309FE5 		ldr	r3, .L2+12
 1720 0040 0520A0E3 		mov	r2, #5
 1721 0044 002083E5 		str	r2, [r3, #0]
  12:../src/uart.c **** }
 1722              		.loc 1 12 0
 1723 0048 0CD04BE2 		sub	sp, fp, #12
 1724 004c 00689DE8 		ldmfd	sp, {fp, sp, lr}
 1725 0050 1EFF2FE1 		bx	lr
 1726              	.L3:
 1727              		.align	2
 1728              	.L2:
 1729 0054 0800D001 		.word	30408712
 1730 0058 0C00D001 		.word	30408716
 1731 005c 2800D001 		.word	30408744
 1732 0060 0400D001 		.word	30408708
 1733              		.cfi_endproc
 1734              	.LFE0:
 1736              		.align	2
 1737              		.global	uart0_putchar
 1739              	uart0_putchar:
 1740              	.LFB1:
  13:../src/uart.c **** 
  14:../src/uart.c **** void uart0_putchar( char ch )
  15:../src/uart.c **** {
 1741              		.loc 1 15 0
 1742              		.cfi_startproc
 1743              		@ Function supports interworking.
 1744              		@ args = 0, pretend = 0, frame = 8
 1745              		@ frame_needed = 1, uses_anonymous_args = 0
 1746 0064 0DC0A0E1 		mov	ip, sp
 1747              	.LCFI2:
 1748              		.cfi_def_cfa_register 12
 1749 0068 00D82DE9 		stmfd	sp!, {fp, ip, lr, pc}
 1750 006c 04B04CE2 		sub	fp, ip, #4
 1751              		.cfi_offset 14, -8
 1752              		.cfi_offset 13, -12
 1753              		.cfi_offset 11, -16
 1754              	.LCFI3:
 1755              		.cfi_def_cfa 11, 4
 1756 0070 08D04DE2 		sub	sp, sp, #8
 1757 0074 0030A0E1 		mov	r3, r0
 1758 0078 0D304BE5 		strb	r3, [fp, #-13]
  16:../src/uart.c **** while( UFSTAT0 & (1 << 9) );  // Wait while Tx FIFO is full
 1759              		.loc 1 16 0
 1760 007c 0000A0E1 		mov	r0, r0	@ nop
 1761              	.L5:
 1762              		.loc 1 16 0 is_stmt 0 discriminator 1
 1763 0080 24309FE5 		ldr	r3, .L6
 1764 0084 003093E5 		ldr	r3, [r3, #0]
 1765 0088 023C03E2 		and	r3, r3, #512
 1766 008c 000053E3 		cmp	r3, #0
 1767 0090 FAFFFF1A 		bne	.L5
  17:../src/uart.c **** UTXH0 = ch;
 1768              		.loc 1 17 0 is_stmt 1
 1769 0094 14309FE5 		ldr	r3, .L6+4
 1770 0098 0D205BE5 		ldrb	r2, [fp, #-13]	@ zero_extendqisi2
 1771 009c 002083E5 		str	r2, [r3, #0]
  18:../src/uart.c **** }        
 1772              		.loc 1 18 0
 1773 00a0 0CD04BE2 		sub	sp, fp, #12
 1774 00a4 00689DE8 		ldmfd	sp, {fp, sp, lr}
 1775 00a8 1EFF2FE1 		bx	lr
 1776              	.L7:
 1777              		.align	2
 1778              	.L6:
 1779 00ac 1800D001 		.word	30408728
 1780 00b0 2000D001 		.word	30408736
 1781              		.cfi_endproc
 1782              	.LFE1:
 1784              		.align	2
 1785              		.global	uart0_getchar
 1787              	uart0_getchar:
 1788              	.LFB2:
  19:../src/uart.c **** 
  20:../src/uart.c **** char uart0_getchar( void )
  21:../src/uart.c **** {
 1789              		.loc 1 21 0
 1790              		.cfi_startproc
 1791              		@ Function supports interworking.
 1792              		@ args = 0, pretend = 0, frame = 0
 1793              		@ frame_needed = 1, uses_anonymous_args = 0
 1794 00b4 0DC0A0E1 		mov	ip, sp
 1795              	.LCFI4:
 1796              		.cfi_def_cfa_register 12
 1797 00b8 00D82DE9 		stmfd	sp!, {fp, ip, lr, pc}
 1798 00bc 04B04CE2 		sub	fp, ip, #4
 1799              		.cfi_offset 14, -8
 1800              		.cfi_offset 13, -12
 1801              		.cfi_offset 11, -16
 1802              	.LCFI5:
 1803              		.cfi_def_cfa 11, 4
  22:../src/uart.c **** while( !(UFSTAT0 & 0xf));  // Wait while Rx FIFO is empty
 1804              		.loc 1 22 0
 1805 00c0 0000A0E1 		mov	r0, r0	@ nop
 1806              	.L9:
 1807              		.loc 1 22 0 is_stmt 0 discriminator 1
 1808 00c4 28309FE5 		ldr	r3, .L10
 1809 00c8 003093E5 		ldr	r3, [r3, #0]
 1810 00cc 0F3003E2 		and	r3, r3, #15
 1811 00d0 000053E3 		cmp	r3, #0
 1812 00d4 FAFFFF0A 		beq	.L9
  23:../src/uart.c **** 
  24:../src/uart.c **** return URXH0;  // Read character from the Rx buffer
 1813              		.loc 1 24 0 is_stmt 1
 1814 00d8 18309FE5 		ldr	r3, .L10+4
 1815 00dc 003093E5 		ldr	r3, [r3, #0]
 1816 00e0 FF3003E2 		and	r3, r3, #255
  25:../src/uart.c **** }
 1817              		.loc 1 25 0
 1818 00e4 0300A0E1 		mov	r0, r3
 1819 00e8 0CD04BE2 		sub	sp, fp, #12
 1820 00ec 00689DE8 		ldmfd	sp, {fp, sp, lr}
 1821 00f0 1EFF2FE1 		bx	lr
 1822              	.L11:
 1823              		.align	2
 1824              	.L10:
 1825 00f4 1800D001 		.word	30408728
 1826 00f8 2400D001 		.word	30408740
 1827              		.cfi_endproc
 1828              	.LFE2:
 1830              		.align	2
 1831              		.global	uart0_puts
 1833              	uart0_puts:
 1834              	.LFB3:
  26:../src/uart.c **** 
  27:../src/uart.c **** void uart0_puts( char *s )
  28:../src/uart.c **** {
 1835              		.loc 1 28 0
 1836              		.cfi_startproc
 1837              		@ Function supports interworking.
 1838              		@ args = 0, pretend = 0, frame = 8
 1839              		@ frame_needed = 1, uses_anonymous_args = 0
 1840 00fc 0DC0A0E1 		mov	ip, sp
 1841              	.LCFI6:
 1842              		.cfi_def_cfa_register 12
 1843 0100 00D82DE9 		stmfd	sp!, {fp, ip, lr, pc}
 1844 0104 04B04CE2 		sub	fp, ip, #4
 1845              		.cfi_offset 14, -8
 1846              		.cfi_offset 13, -12
 1847              		.cfi_offset 11, -16
 1848              	.LCFI7:
 1849              		.cfi_def_cfa 11, 4
 1850 0108 08D04DE2 		sub	sp, sp, #8
 1851 010c 10000BE5 		str	r0, [fp, #-16]
  29:../src/uart.c **** while( *s ) {
 1852              		.loc 1 29 0
 1853 0110 060000EA 		b	.L13
 1854              	.L14:
  30:../src/uart.c ****         uart0_putchar(*s++);
 1855              		.loc 1 30 0
 1856 0114 10301BE5 		ldr	r3, [fp, #-16]
 1857 0118 0030D3E5 		ldrb	r3, [r3, #0]	@ zero_extendqisi2
 1858 011c 10201BE5 		ldr	r2, [fp, #-16]
 1859 0120 012082E2 		add	r2, r2, #1
 1860 0124 10200BE5 		str	r2, [fp, #-16]
 1861 0128 0300A0E1 		mov	r0, r3
 1862 012c FEFFFFEB 		bl	uart0_putchar
 1863              	.L13:
  29:../src/uart.c **** while( *s ) {
 1864              		.loc 1 29 0 discriminator 1
 1865 0130 10301BE5 		ldr	r3, [fp, #-16]
 1866 0134 0030D3E5 		ldrb	r3, [r3, #0]	@ zero_extendqisi2
 1867 0138 000053E3 		cmp	r3, #0
 1868 013c F4FFFF1A 		bne	.L14
  31:../src/uart.c **** }
  32:../src/uart.c **** }
 1869              		.loc 1 32 0
 1870 0140 0CD04BE2 		sub	sp, fp, #12
 1871 0144 00689DE8 		ldmfd	sp, {fp, sp, lr}
 1872 0148 1EFF2FE1 		bx	lr
 1873              		.cfi_endproc
 1874              	.LFE3:
 1876              		.align	2
 1877              		.global	uart0_putint
 1879              	uart0_putint:
 1880              	.LFB4:
  33:../src/uart.c **** 
  34:../src/uart.c **** void uart0_putint( int32 i )
  35:../src/uart.c **** {
 1881              		.loc 1 35 0
 1882              		.cfi_startproc
 1883              		@ Function supports interworking.
 1884              		@ args = 0, pretend = 0, frame = 32
 1885              		@ frame_needed = 1, uses_anonymous_args = 0
 1886 014c 0DC0A0E1 		mov	ip, sp
 1887              	.LCFI8:
 1888              		.cfi_def_cfa_register 12
 1889 0150 00D82DE9 		stmfd	sp!, {fp, ip, lr, pc}
 1890 0154 04B04CE2 		sub	fp, ip, #4
 1891              		.cfi_offset 14, -8
 1892              		.cfi_offset 13, -12
 1893              		.cfi_offset 11, -16
 1894              	.LCFI9:
 1895              		.cfi_def_cfa 11, 4
 1896 0158 20D04DE2 		sub	sp, sp, #32
 1897 015c 28000BE5 		str	r0, [fp, #-40]
  36:../src/uart.c **** char buf[12];
  37:../src/uart.c ****    char *p = buf + 11;
 1898              		.loc 1 37 0
 1899 0160 20304BE2 		sub	r3, fp, #32
 1900 0164 0B3083E2 		add	r3, r3, #11
 1901 0168 10300BE5 		str	r3, [fp, #-16]
  38:../src/uart.c ****    int is_negative = 0;
 1902              		.loc 1 38 0
 1903 016c 0030A0E3 		mov	r3, #0
 1904 0170 14300BE5 		str	r3, [fp, #-20]
  39:../src/uart.c **** 
  40:../src/uart.c ****    *p = '\0';
 1905              		.loc 1 40 0
 1906 0174 10301BE5 		ldr	r3, [fp, #-16]
 1907 0178 0020A0E3 		mov	r2, #0
 1908 017c 0020C3E5 		strb	r2, [r3, #0]
  41:../src/uart.c **** 
  42:../src/uart.c ****    if (i < 0) {
 1909              		.loc 1 42 0
 1910 0180 28301BE5 		ldr	r3, [fp, #-40]
 1911 0184 000053E3 		cmp	r3, #0
 1912 0188 040000AA 		bge	.L16
  43:../src/uart.c ****        is_negative = 1;
 1913              		.loc 1 43 0
 1914 018c 0130A0E3 		mov	r3, #1
 1915 0190 14300BE5 		str	r3, [fp, #-20]
  44:../src/uart.c ****        i = -i;
 1916              		.loc 1 44 0
 1917 0194 28301BE5 		ldr	r3, [fp, #-40]
 1918 0198 003063E2 		rsb	r3, r3, #0
 1919 019c 28300BE5 		str	r3, [fp, #-40]
 1920              	.L16:
  45:../src/uart.c ****    }
  46:../src/uart.c **** 
  47:../src/uart.c ****    do {
  48:../src/uart.c ****        *--p = '0' + (i % 10);
 1921              		.loc 1 48 0 discriminator 1
 1922 01a0 10301BE5 		ldr	r3, [fp, #-16]
 1923 01a4 013043E2 		sub	r3, r3, #1
 1924 01a8 10300BE5 		str	r3, [fp, #-16]
 1925 01ac 28101BE5 		ldr	r1, [fp, #-40]
 1926 01b0 94309FE5 		ldr	r3, .L18
 1927 01b4 9123C3E0 		smull	r2, r3, r1, r3
 1928 01b8 4321A0E1 		mov	r2, r3, asr #2
 1929 01bc C13FA0E1 		mov	r3, r1, asr #31
 1930 01c0 022063E0 		rsb	r2, r3, r2
 1931 01c4 0230A0E1 		mov	r3, r2
 1932 01c8 0331A0E1 		mov	r3, r3, asl #2
 1933 01cc 023083E0 		add	r3, r3, r2
 1934 01d0 8330A0E1 		mov	r3, r3, asl #1
 1935 01d4 012063E0 		rsb	r2, r3, r1
 1936 01d8 FF3002E2 		and	r3, r2, #255
 1937 01dc 303083E2 		add	r3, r3, #48
 1938 01e0 FF2003E2 		and	r2, r3, #255
 1939 01e4 10301BE5 		ldr	r3, [fp, #-16]
 1940 01e8 0020C3E5 		strb	r2, [r3, #0]
  49:../src/uart.c ****        i /= 10;
 1941              		.loc 1 49 0 discriminator 1
 1942 01ec 28301BE5 		ldr	r3, [fp, #-40]
 1943 01f0 54209FE5 		ldr	r2, .L18
 1944 01f4 9312C2E0 		smull	r1, r2, r3, r2
 1945 01f8 4221A0E1 		mov	r2, r2, asr #2
 1946 01fc C33FA0E1 		mov	r3, r3, asr #31
 1947 0200 023063E0 		rsb	r3, r3, r2
 1948 0204 28300BE5 		str	r3, [fp, #-40]
  50:../src/uart.c ****    } while (i);
 1949              		.loc 1 50 0 discriminator 1
 1950 0208 28301BE5 		ldr	r3, [fp, #-40]
 1951 020c 000053E3 		cmp	r3, #0
 1952 0210 E2FFFF1A 		bne	.L16
  51:../src/uart.c **** 
  52:../src/uart.c ****    if (is_negative) {
 1953              		.loc 1 52 0
 1954 0214 14301BE5 		ldr	r3, [fp, #-20]
 1955 0218 000053E3 		cmp	r3, #0
 1956 021c 0500000A 		beq	.L17
  53:../src/uart.c ****        *--p = '-';
 1957              		.loc 1 53 0
 1958 0220 10301BE5 		ldr	r3, [fp, #-16]
 1959 0224 013043E2 		sub	r3, r3, #1
 1960 0228 10300BE5 		str	r3, [fp, #-16]
 1961 022c 10301BE5 		ldr	r3, [fp, #-16]
 1962 0230 2D20A0E3 		mov	r2, #45
 1963 0234 0020C3E5 		strb	r2, [r3, #0]
 1964              	.L17:
  54:../src/uart.c ****    }
  55:../src/uart.c **** 
  56:../src/uart.c ****    uart0_puts(p);
 1965              		.loc 1 56 0
 1966 0238 10001BE5 		ldr	r0, [fp, #-16]
 1967 023c FEFFFFEB 		bl	uart0_puts
  57:../src/uart.c **** }
 1968              		.loc 1 57 0
 1969 0240 0CD04BE2 		sub	sp, fp, #12
 1970 0244 00689DE8 		ldmfd	sp, {fp, sp, lr}
 1971 0248 1EFF2FE1 		bx	lr
 1972              	.L19:
 1973              		.align	2
 1974              	.L18:
 1975 024c 67666666 		.word	1717986919
 1976              		.cfi_endproc
 1977              	.LFE4:
 1979              		.align	2
 1980              		.global	uart0_puthex
 1982              	uart0_puthex:
 1983              	.LFB5:
  58:../src/uart.c **** 
  59:../src/uart.c **** void uart0_puthex( uint32 i )
  60:../src/uart.c **** {
 1984              		.loc 1 60 0
 1985              		.cfi_startproc
 1986              		@ Function supports interworking.
 1987              		@ args = 0, pretend = 0, frame = 24
 1988              		@ frame_needed = 1, uses_anonymous_args = 0
 1989 0250 0DC0A0E1 		mov	ip, sp
 1990              	.LCFI10:
 1991              		.cfi_def_cfa_register 12
 1992 0254 00D82DE9 		stmfd	sp!, {fp, ip, lr, pc}
 1993 0258 04B04CE2 		sub	fp, ip, #4
 1994              		.cfi_offset 14, -8
 1995              		.cfi_offset 13, -12
 1996              		.cfi_offset 11, -16
 1997              	.LCFI11:
 1998              		.cfi_def_cfa 11, 4
 1999 025c 18D04DE2 		sub	sp, sp, #24
 2000 0260 20000BE5 		str	r0, [fp, #-32]
  61:../src/uart.c ****     char buf[8 + 1];
  62:../src/uart.c ****     char *p = buf + 8;
 2001              		.loc 1 62 0
 2002 0264 1C304BE2 		sub	r3, fp, #28
 2003 0268 083083E2 		add	r3, r3, #8
 2004 026c 10300BE5 		str	r3, [fp, #-16]
  63:../src/uart.c ****     uint8 c;
  64:../src/uart.c **** 
  65:../src/uart.c ****     *p = '\0';
 2005              		.loc 1 65 0
 2006 0270 10301BE5 		ldr	r3, [fp, #-16]
 2007 0274 0020A0E3 		mov	r2, #0
 2008 0278 0020C3E5 		strb	r2, [r3, #0]
 2009              	.L23:
  66:../src/uart.c **** 
  67:../src/uart.c ****     do {
  68:../src/uart.c ****         c = i & 0xf;
 2010              		.loc 1 68 0
 2011 027c 20301BE5 		ldr	r3, [fp, #-32]
 2012 0280 FF3003E2 		and	r3, r3, #255
 2013 0284 0F3003E2 		and	r3, r3, #15
 2014 0288 11304BE5 		strb	r3, [fp, #-17]
  69:../src/uart.c ****         if( c < 10 )
 2015              		.loc 1 69 0
 2016 028c 11305BE5 		ldrb	r3, [fp, #-17]	@ zero_extendqisi2
 2017 0290 090053E3 		cmp	r3, #9
 2018 0294 0800008A 		bhi	.L21
  70:../src/uart.c ****             *--p = '0' + c;
 2019              		.loc 1 70 0
 2020 0298 10301BE5 		ldr	r3, [fp, #-16]
 2021 029c 013043E2 		sub	r3, r3, #1
 2022 02a0 10300BE5 		str	r3, [fp, #-16]
 2023 02a4 11305BE5 		ldrb	r3, [fp, #-17]
 2024 02a8 303083E2 		add	r3, r3, #48
 2025 02ac FF2003E2 		and	r2, r3, #255
 2026 02b0 10301BE5 		ldr	r3, [fp, #-16]
 2027 02b4 0020C3E5 		strb	r2, [r3, #0]
 2028 02b8 070000EA 		b	.L22
 2029              	.L21:
  71:../src/uart.c ****         else
  72:../src/uart.c ****             *--p = 'a' + c - 10;
 2030              		.loc 1 72 0
 2031 02bc 10301BE5 		ldr	r3, [fp, #-16]
 2032 02c0 013043E2 		sub	r3, r3, #1
 2033 02c4 10300BE5 		str	r3, [fp, #-16]
 2034 02c8 11305BE5 		ldrb	r3, [fp, #-17]
 2035 02cc 573083E2 		add	r3, r3, #87
 2036 02d0 FF2003E2 		and	r2, r3, #255
 2037 02d4 10301BE5 		ldr	r3, [fp, #-16]
 2038 02d8 0020C3E5 		strb	r2, [r3, #0]
 2039              	.L22:
  73:../src/uart.c ****         i = i >> 4;
 2040              		.loc 1 73 0
 2041 02dc 20301BE5 		ldr	r3, [fp, #-32]
 2042 02e0 2332A0E1 		mov	r3, r3, lsr #4
 2043 02e4 20300BE5 		str	r3, [fp, #-32]
  74:../src/uart.c ****     } while( i );
 2044              		.loc 1 74 0
 2045 02e8 20301BE5 		ldr	r3, [fp, #-32]
 2046 02ec 000053E3 		cmp	r3, #0
 2047 02f0 E1FFFF1A 		bne	.L23
  75:../src/uart.c **** 
  76:../src/uart.c ****     uart0_puts( p );
 2048              		.loc 1 76 0
 2049 02f4 10001BE5 		ldr	r0, [fp, #-16]
 2050 02f8 FEFFFFEB 		bl	uart0_puts
  77:../src/uart.c **** }
 2051              		.loc 1 77 0
 2052 02fc 0CD04BE2 		sub	sp, fp, #12
 2053 0300 00689DE8 		ldmfd	sp, {fp, sp, lr}
 2054 0304 1EFF2FE1 		bx	lr
 2055              		.cfi_endproc
 2056              	.LFE5:
 2058              		.align	2
 2059              		.global	uart0_gets
 2061              	uart0_gets:
 2062              	.LFB6:
  78:../src/uart.c **** 
  79:../src/uart.c **** void uart0_gets( char *s )
  80:../src/uart.c **** {
 2063              		.loc 1 80 0
 2064              		.cfi_startproc
 2065              		@ Function supports interworking.
 2066              		@ args = 0, pretend = 0, frame = 16
 2067              		@ frame_needed = 1, uses_anonymous_args = 0
 2068 0308 0DC0A0E1 		mov	ip, sp
 2069              	.LCFI12:
 2070              		.cfi_def_cfa_register 12
 2071 030c 00D82DE9 		stmfd	sp!, {fp, ip, lr, pc}
 2072 0310 04B04CE2 		sub	fp, ip, #4
 2073              		.cfi_offset 14, -8
 2074              		.cfi_offset 13, -12
 2075              		.cfi_offset 11, -16
 2076              	.LCFI13:
 2077              		.cfi_def_cfa 11, 4
 2078 0314 10D04DE2 		sub	sp, sp, #16
 2079 0318 18000BE5 		str	r0, [fp, #-24]
  81:../src/uart.c **** char ch;
  82:../src/uart.c **** 
  83:../src/uart.c **** ch = uart0_getchar();
 2080              		.loc 1 83 0
 2081 031c FEFFFFEB 		bl	uart0_getchar
 2082 0320 0030A0E1 		mov	r3, r0
 2083 0324 0D304BE5 		strb	r3, [fp, #-13]
  84:../src/uart.c **** while(ch!= '\n'){
 2084              		.loc 1 84 0
 2085 0328 080000EA 		b	.L25
 2086              	.L26:
  85:../src/uart.c **** 	*s++ = ch;
 2087              		.loc 1 85 0
 2088 032c 18301BE5 		ldr	r3, [fp, #-24]
 2089 0330 0D205BE5 		ldrb	r2, [fp, #-13]
 2090 0334 0020C3E5 		strb	r2, [r3, #0]
 2091 0338 18301BE5 		ldr	r3, [fp, #-24]
 2092 033c 013083E2 		add	r3, r3, #1
 2093 0340 18300BE5 		str	r3, [fp, #-24]
  86:../src/uart.c **** 	ch = uart0_getchar();
 2094              		.loc 1 86 0
 2095 0344 FEFFFFEB 		bl	uart0_getchar
 2096 0348 0030A0E1 		mov	r3, r0
 2097 034c 0D304BE5 		strb	r3, [fp, #-13]
 2098              	.L25:
  84:../src/uart.c **** while(ch!= '\n'){
 2099              		.loc 1 84 0 discriminator 1
 2100 0350 0D305BE5 		ldrb	r3, [fp, #-13]	@ zero_extendqisi2
 2101 0354 0A0053E3 		cmp	r3, #10
 2102 0358 F3FFFF1A 		bne	.L26
  87:../src/uart.c **** }
  88:../src/uart.c **** 
  89:../src/uart.c **** *s = '\0';
 2103              		.loc 1 89 0
 2104 035c 18301BE5 		ldr	r3, [fp, #-24]
 2105 0360 0020A0E3 		mov	r2, #0
 2106 0364 0020C3E5 		strb	r2, [r3, #0]
  90:../src/uart.c **** 
  91:../src/uart.c **** }
 2107              		.loc 1 91 0
 2108 0368 0CD04BE2 		sub	sp, fp, #12
 2109 036c 00689DE8 		ldmfd	sp, {fp, sp, lr}
 2110 0370 1EFF2FE1 		bx	lr
 2111              		.cfi_endproc
 2112              	.LFE6:
 2114              		.align	2
 2115              		.global	uart0_getint
 2117              	uart0_getint:
 2118              	.LFB7:
  92:../src/uart.c **** 
  93:../src/uart.c **** int32 uart0_getint( void )
  94:../src/uart.c **** {
 2119              		.loc 1 94 0
 2120              		.cfi_startproc
 2121              		@ Function supports interworking.
 2122              		@ args = 0, pretend = 0, frame = 24
 2123              		@ frame_needed = 1, uses_anonymous_args = 0
 2124 0374 0DC0A0E1 		mov	ip, sp
 2125              	.LCFI14:
 2126              		.cfi_def_cfa_register 12
 2127 0378 00D82DE9 		stmfd	sp!, {fp, ip, lr, pc}
 2128 037c 04B04CE2 		sub	fp, ip, #4
 2129              		.cfi_offset 14, -8
 2130              		.cfi_offset 13, -12
 2131              		.cfi_offset 11, -16
 2132              	.LCFI15:
 2133              		.cfi_def_cfa 11, 4
 2134 0380 18D04DE2 		sub	sp, sp, #24
  95:../src/uart.c ****     char buf[12];
  96:../src/uart.c ****     int32 result = 0;
 2135              		.loc 1 96 0
 2136 0384 0030A0E3 		mov	r3, #0
 2137 0388 10300BE5 		str	r3, [fp, #-16]
  97:../src/uart.c ****     int is_negative = 0;
 2138              		.loc 1 97 0
 2139 038c 0030A0E3 		mov	r3, #0
 2140 0390 14300BE5 		str	r3, [fp, #-20]
  98:../src/uart.c ****     char *p = buf;
 2141              		.loc 1 98 0
 2142 0394 24304BE2 		sub	r3, fp, #36
 2143 0398 18300BE5 		str	r3, [fp, #-24]
  99:../src/uart.c **** 
 100:../src/uart.c ****     uart0_gets(buf);
 2144              		.loc 1 100 0
 2145 039c 24304BE2 		sub	r3, fp, #36
 2146 03a0 0300A0E1 		mov	r0, r3
 2147 03a4 FEFFFFEB 		bl	uart0_gets
 101:../src/uart.c **** 
 102:../src/uart.c ****     // Verificar si el número es negativo
 103:../src/uart.c ****     if (*p == '-') {
 2148              		.loc 1 103 0
 2149 03a8 18301BE5 		ldr	r3, [fp, #-24]
 2150 03ac 0030D3E5 		ldrb	r3, [r3, #0]	@ zero_extendqisi2
 2151 03b0 2D0053E3 		cmp	r3, #45
 2152 03b4 2300001A 		bne	.L36
 104:../src/uart.c ****         is_negative = 1;
 2153              		.loc 1 104 0
 2154 03b8 0130A0E3 		mov	r3, #1
 2155 03bc 14300BE5 		str	r3, [fp, #-20]
 105:../src/uart.c ****         p++;  // Saltar el signo negativo
 2156              		.loc 1 105 0
 2157 03c0 18301BE5 		ldr	r3, [fp, #-24]
 2158 03c4 013083E2 		add	r3, r3, #1
 2159 03c8 18300BE5 		str	r3, [fp, #-24]
 106:../src/uart.c ****     }
 107:../src/uart.c **** 
 108:../src/uart.c **** 
 109:../src/uart.c ****     while (*p) {
 2160              		.loc 1 109 0
 2161 03cc 1E0000EA 		b	.L29
 2162              	.L33:
 110:../src/uart.c ****         if (*p >= '0' && *p <= '9') {
 2163              		.loc 1 110 0
 2164 03d0 18301BE5 		ldr	r3, [fp, #-24]
 2165 03d4 0030D3E5 		ldrb	r3, [r3, #0]	@ zero_extendqisi2
 2166 03d8 2F0053E3 		cmp	r3, #47
 2167 03dc 0F00009A 		bls	.L30
 2168              		.loc 1 110 0 is_stmt 0 discriminator 1
 2169 03e0 18301BE5 		ldr	r3, [fp, #-24]
 2170 03e4 0030D3E5 		ldrb	r3, [r3, #0]	@ zero_extendqisi2
 2171 03e8 390053E3 		cmp	r3, #57
 2172 03ec 0B00008A 		bhi	.L30
 111:../src/uart.c ****             result = result * 10 + (*p - '0');
 2173              		.loc 1 111 0 is_stmt 1
 2174 03f0 10201BE5 		ldr	r2, [fp, #-16]
 2175 03f4 0230A0E1 		mov	r3, r2
 2176 03f8 0331A0E1 		mov	r3, r3, asl #2
 2177 03fc 023083E0 		add	r3, r3, r2
 2178 0400 8330A0E1 		mov	r3, r3, asl #1
 2179 0404 0320A0E1 		mov	r2, r3
 2180 0408 18301BE5 		ldr	r3, [fp, #-24]
 2181 040c 0030D3E5 		ldrb	r3, [r3, #0]	@ zero_extendqisi2
 2182 0410 303043E2 		sub	r3, r3, #48
 2183 0414 033082E0 		add	r3, r2, r3
 2184 0418 10300BE5 		str	r3, [fp, #-16]
 2185 041c 050000EA 		b	.L31
 2186              	.L30:
 112:../src/uart.c ****         } else if(!(*p == '\n')){
 2187              		.loc 1 112 0
 2188 0420 18301BE5 		ldr	r3, [fp, #-24]
 2189 0424 0030D3E5 		ldrb	r3, [r3, #0]	@ zero_extendqisi2
 2190 0428 0A0053E3 		cmp	r3, #10
 2191 042c 0100000A 		beq	.L31
 113:../src/uart.c **** 
 114:../src/uart.c ****             return 0;
 2192              		.loc 1 114 0
 2193 0430 0030A0E3 		mov	r3, #0
 2194 0434 0F0000EA 		b	.L32
 2195              	.L31:
 115:../src/uart.c ****         }
 116:../src/uart.c ****         p++;
 2196              		.loc 1 116 0
 2197 0438 18301BE5 		ldr	r3, [fp, #-24]
 2198 043c 013083E2 		add	r3, r3, #1
 2199 0440 18300BE5 		str	r3, [fp, #-24]
 2200 0444 000000EA 		b	.L29
 2201              	.L36:
 109:../src/uart.c ****     while (*p) {
 2202              		.loc 1 109 0
 2203 0448 0000A0E1 		mov	r0, r0	@ nop
 2204              	.L29:
 109:../src/uart.c ****     while (*p) {
 2205              		.loc 1 109 0 is_stmt 0 discriminator 1
 2206 044c 18301BE5 		ldr	r3, [fp, #-24]
 2207 0450 0030D3E5 		ldrb	r3, [r3, #0]	@ zero_extendqisi2
 2208 0454 000053E3 		cmp	r3, #0
 2209 0458 DCFFFF1A 		bne	.L33
 117:../src/uart.c ****     }
 118:../src/uart.c **** 
 119:../src/uart.c ****     return is_negative ? -result : result;
 2210              		.loc 1 119 0 is_stmt 1
 2211 045c 14301BE5 		ldr	r3, [fp, #-20]
 2212 0460 000053E3 		cmp	r3, #0
 2213 0464 0200000A 		beq	.L34
 2214              		.loc 1 119 0 is_stmt 0 discriminator 1
 2215 0468 10301BE5 		ldr	r3, [fp, #-16]
 2216 046c 003063E2 		rsb	r3, r3, #0
 2217 0470 000000EA 		b	.L35
 2218              	.L34:
 2219              		.loc 1 119 0 discriminator 2
 2220 0474 10301BE5 		ldr	r3, [fp, #-16]
 2221              	.L35:
 2222              	.L32:
 120:../src/uart.c **** }
 2223              		.loc 1 120 0 is_stmt 1
 2224 0478 0300A0E1 		mov	r0, r3
 2225 047c 0CD04BE2 		sub	sp, fp, #12
 2226 0480 00689DE8 		ldmfd	sp, {fp, sp, lr}
 2227 0484 1EFF2FE1 		bx	lr
 2228              		.cfi_endproc
 2229              	.LFE7:
 2231              		.align	2
 2232              		.global	uart0_gethex
 2234              	uart0_gethex:
 2235              	.LFB8:
 121:../src/uart.c **** 
 122:../src/uart.c **** uint32 uart0_gethex( void )
 123:../src/uart.c **** {
 2236              		.loc 1 123 0
 2237              		.cfi_startproc
 2238              		@ Function supports interworking.
 2239              		@ args = 0, pretend = 0, frame = 24
 2240              		@ frame_needed = 1, uses_anonymous_args = 0
 2241 0488 0DC0A0E1 		mov	ip, sp
 2242              	.LCFI16:
 2243              		.cfi_def_cfa_register 12
 2244 048c 00D82DE9 		stmfd	sp!, {fp, ip, lr, pc}
 2245 0490 04B04CE2 		sub	fp, ip, #4
 2246              		.cfi_offset 14, -8
 2247              		.cfi_offset 13, -12
 2248              		.cfi_offset 11, -16
 2249              	.LCFI17:
 2250              		.cfi_def_cfa 11, 4
 2251 0494 18D04DE2 		sub	sp, sp, #24
 124:../src/uart.c ****     char buf[9];
 125:../src/uart.c ****     uint32 result = 0;
 2252              		.loc 1 125 0
 2253 0498 0030A0E3 		mov	r3, #0
 2254 049c 10300BE5 		str	r3, [fp, #-16]
 126:../src/uart.c ****     char *p = buf;
 2255              		.loc 1 126 0
 2256 04a0 20304BE2 		sub	r3, fp, #32
 2257 04a4 14300BE5 		str	r3, [fp, #-20]
 127:../src/uart.c **** 
 128:../src/uart.c ****     uart0_gets(buf);
 2258              		.loc 1 128 0
 2259 04a8 20304BE2 		sub	r3, fp, #32
 2260 04ac 0300A0E1 		mov	r0, r3
 2261 04b0 FEFFFFEB 		bl	uart0_gets
 129:../src/uart.c ****     while (*p) {
 2262              		.loc 1 129 0
 2263 04b4 380000EA 		b	.L38
 2264              	.L44:
 130:../src/uart.c **** 
 131:../src/uart.c ****     	 if ((*p >= '0' && *p <= '9')) {
 2265              		.loc 1 131 0
 2266 04b8 14301BE5 		ldr	r3, [fp, #-20]
 2267 04bc 0030D3E5 		ldrb	r3, [r3, #0]	@ zero_extendqisi2
 2268 04c0 2F0053E3 		cmp	r3, #47
 2269 04c4 0B00009A 		bls	.L39
 2270              		.loc 1 131 0 is_stmt 0 discriminator 1
 2271 04c8 14301BE5 		ldr	r3, [fp, #-20]
 2272 04cc 0030D3E5 		ldrb	r3, [r3, #0]	@ zero_extendqisi2
 2273 04d0 390053E3 		cmp	r3, #57
 2274 04d4 0700008A 		bhi	.L39
 132:../src/uart.c ****     	        result = result * 16 + (*p - '0');
 2275              		.loc 1 132 0 is_stmt 1
 2276 04d8 10301BE5 		ldr	r3, [fp, #-16]
 2277 04dc 0322A0E1 		mov	r2, r3, asl #4
 2278 04e0 14301BE5 		ldr	r3, [fp, #-20]
 2279 04e4 0030D3E5 		ldrb	r3, [r3, #0]	@ zero_extendqisi2
 2280 04e8 033082E0 		add	r3, r2, r3
 2281 04ec 303043E2 		sub	r3, r3, #48
 2282 04f0 10300BE5 		str	r3, [fp, #-16]
 2283 04f4 250000EA 		b	.L40
 2284              	.L39:
 133:../src/uart.c ****     	 } else if((*p >= 'a' && *p <= 'f')){
 2285              		.loc 1 133 0
 2286 04f8 14301BE5 		ldr	r3, [fp, #-20]
 2287 04fc 0030D3E5 		ldrb	r3, [r3, #0]	@ zero_extendqisi2
 2288 0500 600053E3 		cmp	r3, #96
 2289 0504 0B00009A 		bls	.L41
 2290              		.loc 1 133 0 is_stmt 0 discriminator 1
 2291 0508 14301BE5 		ldr	r3, [fp, #-20]
 2292 050c 0030D3E5 		ldrb	r3, [r3, #0]	@ zero_extendqisi2
 2293 0510 660053E3 		cmp	r3, #102
 2294 0514 0700008A 		bhi	.L41
 134:../src/uart.c **** 	            result = result * 16 + (*p - 'a' + 10);
 2295              		.loc 1 134 0 is_stmt 1
 2296 0518 10301BE5 		ldr	r3, [fp, #-16]
 2297 051c 0322A0E1 		mov	r2, r3, asl #4
 2298 0520 14301BE5 		ldr	r3, [fp, #-20]
 2299 0524 0030D3E5 		ldrb	r3, [r3, #0]	@ zero_extendqisi2
 2300 0528 033082E0 		add	r3, r2, r3
 2301 052c 573043E2 		sub	r3, r3, #87
 2302 0530 10300BE5 		str	r3, [fp, #-16]
 2303 0534 150000EA 		b	.L40
 2304              	.L41:
 135:../src/uart.c ****     	 }else if(*p >= 'A' && *p <= 'F'){
 2305              		.loc 1 135 0
 2306 0538 14301BE5 		ldr	r3, [fp, #-20]
 2307 053c 0030D3E5 		ldrb	r3, [r3, #0]	@ zero_extendqisi2
 2308 0540 400053E3 		cmp	r3, #64
 2309 0544 0B00009A 		bls	.L42
 2310              		.loc 1 135 0 is_stmt 0 discriminator 1
 2311 0548 14301BE5 		ldr	r3, [fp, #-20]
 2312 054c 0030D3E5 		ldrb	r3, [r3, #0]	@ zero_extendqisi2
 2313 0550 460053E3 		cmp	r3, #70
 2314 0554 0700008A 		bhi	.L42
 136:../src/uart.c **** 	            result = result * 16 + (*p - 'A' + 10);
 2315              		.loc 1 136 0 is_stmt 1
 2316 0558 10301BE5 		ldr	r3, [fp, #-16]
 2317 055c 0322A0E1 		mov	r2, r3, asl #4
 2318 0560 14301BE5 		ldr	r3, [fp, #-20]
 2319 0564 0030D3E5 		ldrb	r3, [r3, #0]	@ zero_extendqisi2
 2320 0568 033082E0 		add	r3, r2, r3
 2321 056c 373043E2 		sub	r3, r3, #55
 2322 0570 10300BE5 		str	r3, [fp, #-16]
 2323 0574 050000EA 		b	.L40
 2324              	.L42:
 137:../src/uart.c ****     	 }
 138:../src/uart.c ****     	 else if(!(*p == '\n')){
 2325              		.loc 1 138 0
 2326 0578 14301BE5 		ldr	r3, [fp, #-20]
 2327 057c 0030D3E5 		ldrb	r3, [r3, #0]	@ zero_extendqisi2
 2328 0580 0A0053E3 		cmp	r3, #10
 2329 0584 0100000A 		beq	.L40
 139:../src/uart.c ****     	     return 0;
 2330              		.loc 1 139 0
 2331 0588 0030A0E3 		mov	r3, #0
 2332 058c 070000EA 		b	.L43
 2333              	.L40:
 140:../src/uart.c ****     	 }
 141:../src/uart.c **** 
 142:../src/uart.c ****        p++;
 2334              		.loc 1 142 0
 2335 0590 14301BE5 		ldr	r3, [fp, #-20]
 2336 0594 013083E2 		add	r3, r3, #1
 2337 0598 14300BE5 		str	r3, [fp, #-20]
 2338              	.L38:
 129:../src/uart.c ****     while (*p) {
 2339              		.loc 1 129 0 discriminator 1
 2340 059c 14301BE5 		ldr	r3, [fp, #-20]
 2341 05a0 0030D3E5 		ldrb	r3, [r3, #0]	@ zero_extendqisi2
 2342 05a4 000053E3 		cmp	r3, #0
 2343 05a8 C2FFFF1A 		bne	.L44
 143:../src/uart.c ****     }
 144:../src/uart.c **** 
 145:../src/uart.c ****     return result;
 2344              		.loc 1 145 0
 2345 05ac 10301BE5 		ldr	r3, [fp, #-16]
 2346              	.L43:
 146:../src/uart.c **** }
 2347              		.loc 1 146 0
 2348 05b0 0300A0E1 		mov	r0, r3
 2349 05b4 0CD04BE2 		sub	sp, fp, #12
 2350 05b8 00689DE8 		ldmfd	sp, {fp, sp, lr}
 2351 05bc 1EFF2FE1 		bx	lr
 2352              		.cfi_endproc
 2353              	.LFE8:
 2355              	.Letext0:
DEFINED SYMBOLS
                            *ABS*:00000000 uart.c
C:\Users\Catalina\AppData\Local\Temp\ccxrn2KU.s:1682   .text:00000000 $a
C:\Users\Catalina\AppData\Local\Temp\ccxrn2KU.s:1685   .text:00000000 uart0_init
C:\Users\Catalina\AppData\Local\Temp\ccxrn2KU.s:1729   .text:00000054 $d
C:\Users\Catalina\AppData\Local\Temp\ccxrn2KU.s:1736   .text:00000064 $a
C:\Users\Catalina\AppData\Local\Temp\ccxrn2KU.s:1739   .text:00000064 uart0_putchar
C:\Users\Catalina\AppData\Local\Temp\ccxrn2KU.s:1779   .text:000000ac $d
C:\Users\Catalina\AppData\Local\Temp\ccxrn2KU.s:1784   .text:000000b4 $a
C:\Users\Catalina\AppData\Local\Temp\ccxrn2KU.s:1787   .text:000000b4 uart0_getchar
C:\Users\Catalina\AppData\Local\Temp\ccxrn2KU.s:1825   .text:000000f4 $d
C:\Users\Catalina\AppData\Local\Temp\ccxrn2KU.s:1830   .text:000000fc $a
C:\Users\Catalina\AppData\Local\Temp\ccxrn2KU.s:1833   .text:000000fc uart0_puts
C:\Users\Catalina\AppData\Local\Temp\ccxrn2KU.s:1879   .text:0000014c uart0_putint
C:\Users\Catalina\AppData\Local\Temp\ccxrn2KU.s:1975   .text:0000024c $d
C:\Users\Catalina\AppData\Local\Temp\ccxrn2KU.s:1979   .text:00000250 $a
C:\Users\Catalina\AppData\Local\Temp\ccxrn2KU.s:1982   .text:00000250 uart0_puthex
C:\Users\Catalina\AppData\Local\Temp\ccxrn2KU.s:2061   .text:00000308 uart0_gets
C:\Users\Catalina\AppData\Local\Temp\ccxrn2KU.s:2117   .text:00000374 uart0_getint
C:\Users\Catalina\AppData\Local\Temp\ccxrn2KU.s:2234   .text:00000488 uart0_gethex
                     .debug_frame:00000010 $d

NO UNDEFINED SYMBOLS
